Analysis & Synthesis report for calculator
Wed Feb 26 08:42:41 2025
Quartus Prime Version 19.1.0 Build 670 09/22/2019 SJ Lite Edition


---------------------
; Table of Contents ;
---------------------
  1. Legal Notice
  2. Analysis & Synthesis Summary
  3. Analysis & Synthesis Settings
  4. Parallel Compilation
  5. Analysis & Synthesis Source Files Read
  6. Analysis & Synthesis Resource Usage Summary
  7. Analysis & Synthesis Resource Utilization by Entity
  8. General Register Statistics
  9. Multiplexer Restructuring Statistics (Restructuring Performed)
 10. Parameter Settings for Inferred Entity Instance: Multiplier:U3|lpm_mult:Mult0
 11. Parameter Settings for Inferred Entity Instance: Divider:U4|lpm_divide:Div0
 12. lpm_mult Parameter Settings by Entity Instance
 13. Port Connectivity Checks: "Divider:U4"
 14. Post-Synthesis Netlist Statistics for Top Partition
 15. Elapsed Time Per Partition
 16. Analysis & Synthesis Messages



----------------
; Legal Notice ;
----------------
Copyright (C) 2019  Intel Corporation. All rights reserved.
Your use of Intel Corporation's design tools, logic functions 
and other software and tools, and any partner logic 
functions, and any output files from any of the foregoing 
(including device programming or simulation files), and any 
associated documentation or information are expressly subject 
to the terms and conditions of the Intel Program License 
Subscription Agreement, the Intel Quartus Prime License Agreement,
the Intel FPGA IP License Agreement, or other applicable license
agreement, including, without limitation, that your use is for
the sole purpose of programming logic devices manufactured by
Intel and sold by Intel or its authorized distributors.  Please
refer to the applicable agreement for further details, at
https://fpgasoftware.intel.com/eula.



+----------------------------------------------------------------------------------+
; Analysis & Synthesis Summary                                                     ;
+------------------------------------+---------------------------------------------+
; Analysis & Synthesis Status        ; Successful - Wed Feb 26 08:42:41 2025       ;
; Quartus Prime Version              ; 19.1.0 Build 670 09/22/2019 SJ Lite Edition ;
; Revision Name                      ; calculator                                  ;
; Top-level Entity Name              ; Calculator                                  ;
; Family                             ; MAX 10                                      ;
; Total logic elements               ; 65                                          ;
;     Total combinational functions  ; 65                                          ;
;     Dedicated logic registers      ; 0                                           ;
; Total registers                    ; 0                                           ;
; Total pins                         ; 25                                          ;
; Total virtual pins                 ; 0                                           ;
; Total memory bits                  ; 0                                           ;
; Embedded Multiplier 9-bit elements ; 0                                           ;
; Total PLLs                         ; 0                                           ;
; UFM blocks                         ; 0                                           ;
; ADC blocks                         ; 0                                           ;
+------------------------------------+---------------------------------------------+


+------------------------------------------------------------------------------------------------------------+
; Analysis & Synthesis Settings                                                                              ;
+------------------------------------------------------------------+--------------------+--------------------+
; Option                                                           ; Setting            ; Default Value      ;
+------------------------------------------------------------------+--------------------+--------------------+
; Device                                                           ; 10M50DAF484C7G     ;                    ;
; Top-level entity name                                            ; calculator         ; calculator         ;
; Family name                                                      ; MAX 10             ; Cyclone V          ;
; Use smart compilation                                            ; Off                ; Off                ;
; Enable parallel Assembler and Timing Analyzer during compilation ; On                 ; On                 ;
; Enable compact report table                                      ; Off                ; Off                ;
; Restructure Multiplexers                                         ; Auto               ; Auto               ;
; Create Debugging Nodes for IP Cores                              ; Off                ; Off                ;
; Preserve fewer node names                                        ; On                 ; On                 ;
; Intel FPGA IP Evaluation Mode                                    ; Enable             ; Enable             ;
; Verilog Version                                                  ; Verilog_2001       ; Verilog_2001       ;
; VHDL Version                                                     ; VHDL_1993          ; VHDL_1993          ;
; State Machine Processing                                         ; Auto               ; Auto               ;
; Safe State Machine                                               ; Off                ; Off                ;
; Extract Verilog State Machines                                   ; On                 ; On                 ;
; Extract VHDL State Machines                                      ; On                 ; On                 ;
; Ignore Verilog initial constructs                                ; Off                ; Off                ;
; Iteration limit for constant Verilog loops                       ; 5000               ; 5000               ;
; Iteration limit for non-constant Verilog loops                   ; 250                ; 250                ;
; Add Pass-Through Logic to Inferred RAMs                          ; On                 ; On                 ;
; Infer RAMs from Raw Logic                                        ; On                 ; On                 ;
; Parallel Synthesis                                               ; On                 ; On                 ;
; DSP Block Balancing                                              ; Auto               ; Auto               ;
; NOT Gate Push-Back                                               ; On                 ; On                 ;
; Power-Up Don't Care                                              ; On                 ; On                 ;
; Remove Redundant Logic Cells                                     ; Off                ; Off                ;
; Remove Duplicate Registers                                       ; On                 ; On                 ;
; Ignore CARRY Buffers                                             ; Off                ; Off                ;
; Ignore CASCADE Buffers                                           ; Off                ; Off                ;
; Ignore GLOBAL Buffers                                            ; Off                ; Off                ;
; Ignore ROW GLOBAL Buffers                                        ; Off                ; Off                ;
; Ignore LCELL Buffers                                             ; Off                ; Off                ;
; Ignore SOFT Buffers                                              ; On                 ; On                 ;
; Limit AHDL Integers to 32 Bits                                   ; Off                ; Off                ;
; Optimization Technique                                           ; Balanced           ; Balanced           ;
; Carry Chain Length                                               ; 70                 ; 70                 ;
; Auto Carry Chains                                                ; On                 ; On                 ;
; Auto Open-Drain Pins                                             ; On                 ; On                 ;
; Perform WYSIWYG Primitive Resynthesis                            ; Off                ; Off                ;
; Auto ROM Replacement                                             ; On                 ; On                 ;
; Auto RAM Replacement                                             ; On                 ; On                 ;
; Auto DSP Block Replacement                                       ; On                 ; On                 ;
; Auto Shift Register Replacement                                  ; Auto               ; Auto               ;
; Allow Shift Register Merging across Hierarchies                  ; Auto               ; Auto               ;
; Auto Clock Enable Replacement                                    ; On                 ; On                 ;
; Strict RAM Replacement                                           ; Off                ; Off                ;
; Allow Synchronous Control Signals                                ; On                 ; On                 ;
; Force Use of Synchronous Clear Signals                           ; Off                ; Off                ;
; Auto RAM Block Balancing                                         ; On                 ; On                 ;
; Auto RAM to Logic Cell Conversion                                ; Off                ; Off                ;
; Auto Resource Sharing                                            ; Off                ; Off                ;
; Allow Any RAM Size For Recognition                               ; Off                ; Off                ;
; Allow Any ROM Size For Recognition                               ; Off                ; Off                ;
; Allow Any Shift Register Size For Recognition                    ; Off                ; Off                ;
; Use LogicLock Constraints during Resource Balancing              ; On                 ; On                 ;
; Ignore translate_off and synthesis_off directives                ; Off                ; Off                ;
; Timing-Driven Synthesis                                          ; On                 ; On                 ;
; Report Parameter Settings                                        ; On                 ; On                 ;
; Report Source Assignments                                        ; On                 ; On                 ;
; Report Connectivity Checks                                       ; On                 ; On                 ;
; Ignore Maximum Fan-Out Assignments                               ; Off                ; Off                ;
; Synchronization Register Chain Length                            ; 2                  ; 2                  ;
; Power Optimization During Synthesis                              ; Normal compilation ; Normal compilation ;
; HDL message level                                                ; Level2             ; Level2             ;
; Suppress Register Optimization Related Messages                  ; Off                ; Off                ;
; Number of Removed Registers Reported in Synthesis Report         ; 5000               ; 5000               ;
; Number of Swept Nodes Reported in Synthesis Report               ; 5000               ; 5000               ;
; Number of Inverted Registers Reported in Synthesis Report        ; 100                ; 100                ;
; Clock MUX Protection                                             ; On                 ; On                 ;
; Auto Gated Clock Conversion                                      ; Off                ; Off                ;
; Block Design Naming                                              ; Auto               ; Auto               ;
; SDC constraint protection                                        ; Off                ; Off                ;
; Synthesis Effort                                                 ; Auto               ; Auto               ;
; Shift Register Replacement - Allow Asynchronous Clear Signal     ; On                 ; On                 ;
; Pre-Mapping Resynthesis Optimization                             ; Off                ; Off                ;
; Analysis & Synthesis Message Level                               ; Medium             ; Medium             ;
; Disable Register Merging Across Hierarchies                      ; Auto               ; Auto               ;
; Resource Aware Inference For Block RAM                           ; On                 ; On                 ;
+------------------------------------------------------------------+--------------------+--------------------+


+------------------------------------------+
; Parallel Compilation                     ;
+----------------------------+-------------+
; Processors                 ; Number      ;
+----------------------------+-------------+
; Number detected on machine ; 16          ;
; Maximum allowed            ; 10          ;
;                            ;             ;
; Average used               ; 1.00        ;
; Maximum used               ; 1           ;
;                            ;             ;
; Usage by Processor         ; % Time Used ;
;     Processor 1            ; 100.0%      ;
+----------------------------+-------------+


+----------------------------------------------------------------------------------------------------------------------------------------------------------------------------------------+
; Analysis & Synthesis Source Files Read                                                                                                                                                 ;
+----------------------------------+-----------------+------------------------------+------------------------------------------------------------------------------------------+---------+
; File Name with User-Entered Path ; Used in Netlist ; File Type                    ; File Name with Absolute Path                                                             ; Library ;
+----------------------------------+-----------------+------------------------------+------------------------------------------------------------------------------------------+---------+
; calculator.vhd                   ; yes             ; User VHDL File               ; C:/Users/luish/Desktop/Apresentar em Lógica amanhã/calculator/calculator.vhd             ;         ;
; adder.vhd                        ; yes             ; User VHDL File               ; C:/Users/luish/Desktop/Apresentar em Lógica amanhã/calculator/adder.vhd                  ;         ;
; subtractor.vhd                   ; yes             ; User VHDL File               ; C:/Users/luish/Desktop/Apresentar em Lógica amanhã/calculator/subtractor.vhd             ;         ;
; multiplier.vhd                   ; yes             ; User VHDL File               ; C:/Users/luish/Desktop/Apresentar em Lógica amanhã/calculator/multiplier.vhd             ;         ;
; divider.vhd                      ; yes             ; User VHDL File               ; C:/Users/luish/Desktop/Apresentar em Lógica amanhã/calculator/divider.vhd                ;         ;
; and_operation.vhd                ; yes             ; User VHDL File               ; C:/Users/luish/Desktop/Apresentar em Lógica amanhã/calculator/and_operation.vhd          ;         ;
; or_operation.vhd                 ; yes             ; User VHDL File               ; C:/Users/luish/Desktop/Apresentar em Lógica amanhã/calculator/or_operation.vhd           ;         ;
; seven_segment_decoder.vhd        ; yes             ; User VHDL File               ; C:/Users/luish/Desktop/Apresentar em Lógica amanhã/calculator/seven_segment_decoder.vhd  ;         ;
; lpm_mult.tdf                     ; yes             ; Megafunction                 ; c:/intelfpga_lite/19.1/quartus/libraries/megafunctions/lpm_mult.tdf                      ;         ;
; aglobal191.inc                   ; yes             ; Megafunction                 ; c:/intelfpga_lite/19.1/quartus/libraries/megafunctions/aglobal191.inc                    ;         ;
; lpm_add_sub.inc                  ; yes             ; Megafunction                 ; c:/intelfpga_lite/19.1/quartus/libraries/megafunctions/lpm_add_sub.inc                   ;         ;
; multcore.inc                     ; yes             ; Megafunction                 ; c:/intelfpga_lite/19.1/quartus/libraries/megafunctions/multcore.inc                      ;         ;
; bypassff.inc                     ; yes             ; Megafunction                 ; c:/intelfpga_lite/19.1/quartus/libraries/megafunctions/bypassff.inc                      ;         ;
; altshift.inc                     ; yes             ; Megafunction                 ; c:/intelfpga_lite/19.1/quartus/libraries/megafunctions/altshift.inc                      ;         ;
; multcore.tdf                     ; yes             ; Megafunction                 ; c:/intelfpga_lite/19.1/quartus/libraries/megafunctions/multcore.tdf                      ;         ;
; csa_add.inc                      ; yes             ; Megafunction                 ; c:/intelfpga_lite/19.1/quartus/libraries/megafunctions/csa_add.inc                       ;         ;
; mpar_add.inc                     ; yes             ; Megafunction                 ; c:/intelfpga_lite/19.1/quartus/libraries/megafunctions/mpar_add.inc                      ;         ;
; muleabz.inc                      ; yes             ; Megafunction                 ; c:/intelfpga_lite/19.1/quartus/libraries/megafunctions/muleabz.inc                       ;         ;
; mul_lfrg.inc                     ; yes             ; Megafunction                 ; c:/intelfpga_lite/19.1/quartus/libraries/megafunctions/mul_lfrg.inc                      ;         ;
; mul_boothc.inc                   ; yes             ; Megafunction                 ; c:/intelfpga_lite/19.1/quartus/libraries/megafunctions/mul_boothc.inc                    ;         ;
; alt_ded_mult.inc                 ; yes             ; Megafunction                 ; c:/intelfpga_lite/19.1/quartus/libraries/megafunctions/alt_ded_mult.inc                  ;         ;
; alt_ded_mult_y.inc               ; yes             ; Megafunction                 ; c:/intelfpga_lite/19.1/quartus/libraries/megafunctions/alt_ded_mult_y.inc                ;         ;
; dffpipe.inc                      ; yes             ; Megafunction                 ; c:/intelfpga_lite/19.1/quartus/libraries/megafunctions/dffpipe.inc                       ;         ;
; mpar_add.tdf                     ; yes             ; Megafunction                 ; c:/intelfpga_lite/19.1/quartus/libraries/megafunctions/mpar_add.tdf                      ;         ;
; lpm_add_sub.tdf                  ; yes             ; Megafunction                 ; c:/intelfpga_lite/19.1/quartus/libraries/megafunctions/lpm_add_sub.tdf                   ;         ;
; addcore.inc                      ; yes             ; Megafunction                 ; c:/intelfpga_lite/19.1/quartus/libraries/megafunctions/addcore.inc                       ;         ;
; look_add.inc                     ; yes             ; Megafunction                 ; c:/intelfpga_lite/19.1/quartus/libraries/megafunctions/look_add.inc                      ;         ;
; alt_stratix_add_sub.inc          ; yes             ; Megafunction                 ; c:/intelfpga_lite/19.1/quartus/libraries/megafunctions/alt_stratix_add_sub.inc           ;         ;
; db/add_sub_8mg.tdf               ; yes             ; Auto-Generated Megafunction  ; C:/Users/luish/Desktop/Apresentar em Lógica amanhã/calculator/db/add_sub_8mg.tdf         ;         ;
; db/add_sub_9mg.tdf               ; yes             ; Auto-Generated Megafunction  ; C:/Users/luish/Desktop/Apresentar em Lógica amanhã/calculator/db/add_sub_9mg.tdf         ;         ;
; altshift.tdf                     ; yes             ; Megafunction                 ; c:/intelfpga_lite/19.1/quartus/libraries/megafunctions/altshift.tdf                      ;         ;
; lpm_divide.tdf                   ; yes             ; Megafunction                 ; c:/intelfpga_lite/19.1/quartus/libraries/megafunctions/lpm_divide.tdf                    ;         ;
; abs_divider.inc                  ; yes             ; Megafunction                 ; c:/intelfpga_lite/19.1/quartus/libraries/megafunctions/abs_divider.inc                   ;         ;
; sign_div_unsign.inc              ; yes             ; Megafunction                 ; c:/intelfpga_lite/19.1/quartus/libraries/megafunctions/sign_div_unsign.inc               ;         ;
; db/lpm_divide_3sl.tdf            ; yes             ; Auto-Generated Megafunction  ; C:/Users/luish/Desktop/Apresentar em Lógica amanhã/calculator/db/lpm_divide_3sl.tdf      ;         ;
; db/sign_div_unsign_5kh.tdf       ; yes             ; Auto-Generated Megafunction  ; C:/Users/luish/Desktop/Apresentar em Lógica amanhã/calculator/db/sign_div_unsign_5kh.tdf ;         ;
; db/alt_u_div_kee.tdf             ; yes             ; Auto-Generated Megafunction  ; C:/Users/luish/Desktop/Apresentar em Lógica amanhã/calculator/db/alt_u_div_kee.tdf       ;         ;
; db/add_sub_t3c.tdf               ; yes             ; Auto-Generated Megafunction  ; C:/Users/luish/Desktop/Apresentar em Lógica amanhã/calculator/db/add_sub_t3c.tdf         ;         ;
; db/add_sub_u3c.tdf               ; yes             ; Auto-Generated Megafunction  ; C:/Users/luish/Desktop/Apresentar em Lógica amanhã/calculator/db/add_sub_u3c.tdf         ;         ;
+----------------------------------+-----------------+------------------------------+------------------------------------------------------------------------------------------+---------+


+-----------------------------------------------------------+
; Analysis & Synthesis Resource Usage Summary               ;
+---------------------------------------------+-------------+
; Resource                                    ; Usage       ;
+---------------------------------------------+-------------+
; Estimated Total logic elements              ; 65          ;
;                                             ;             ;
; Total combinational functions               ; 65          ;
; Logic element usage by number of LUT inputs ;             ;
;     -- 4 input functions                    ; 23          ;
;     -- 3 input functions                    ; 24          ;
;     -- <=2 input functions                  ; 18          ;
;                                             ;             ;
; Logic elements by mode                      ;             ;
;     -- normal mode                          ; 50          ;
;     -- arithmetic mode                      ; 15          ;
;                                             ;             ;
; Total registers                             ; 0           ;
;     -- Dedicated logic registers            ; 0           ;
;     -- I/O registers                        ; 0           ;
;                                             ;             ;
; I/O pins                                    ; 25          ;
;                                             ;             ;
; Embedded Multiplier 9-bit elements          ; 0           ;
;                                             ;             ;
; Maximum fan-out node                        ; SW[7]~input ;
; Maximum fan-out                             ; 13          ;
; Total fan-out                               ; 231         ;
; Average fan-out                             ; 2.01        ;
+---------------------------------------------+-------------+


+------------------------------------------------------------------------------------------------------------------------------------------------------------------------------------------------------------------------------------------------------------------------------------------------------------------------------------------------------------------------------------------------+
; Analysis & Synthesis Resource Utilization by Entity                                                                                                                                                                                                                                                                                                                                            ;
+---------------------------------------------------+---------------------+---------------------------+-------------+------------+--------------+---------+-----------+------+--------------+------------+--------------------------------------------------------------------------------------------------------------------------------------------------+---------------------+--------------+
; Compilation Hierarchy Node                        ; Combinational ALUTs ; Dedicated Logic Registers ; Memory Bits ; UFM Blocks ; DSP Elements ; DSP 9x9 ; DSP 18x18 ; Pins ; Virtual Pins ; ADC blocks ; Full Hierarchy Name                                                                                                                              ; Entity Name         ; Library Name ;
+---------------------------------------------------+---------------------+---------------------------+-------------+------------+--------------+---------+-----------+------+--------------+------------+--------------------------------------------------------------------------------------------------------------------------------------------------+---------------------+--------------+
; |Calculator                                       ; 65 (18)             ; 0 (0)                     ; 0           ; 0          ; 0            ; 0       ; 0         ; 25   ; 0            ; 0          ; |Calculator                                                                                                                                      ; Calculator          ; work         ;
;    |Adder:U1|                                     ; 4 (4)               ; 0 (0)                     ; 0           ; 0          ; 0            ; 0       ; 0         ; 0    ; 0            ; 0          ; |Calculator|Adder:U1                                                                                                                             ; Adder               ; work         ;
;    |Divider:U4|                                   ; 10 (0)              ; 0 (0)                     ; 0           ; 0          ; 0            ; 0       ; 0         ; 0    ; 0            ; 0          ; |Calculator|Divider:U4                                                                                                                           ; Divider             ; work         ;
;       |lpm_divide:Div0|                           ; 10 (0)              ; 0 (0)                     ; 0           ; 0          ; 0            ; 0       ; 0         ; 0    ; 0            ; 0          ; |Calculator|Divider:U4|lpm_divide:Div0                                                                                                           ; lpm_divide          ; work         ;
;          |lpm_divide_3sl:auto_generated|          ; 10 (0)              ; 0 (0)                     ; 0           ; 0          ; 0            ; 0       ; 0         ; 0    ; 0            ; 0          ; |Calculator|Divider:U4|lpm_divide:Div0|lpm_divide_3sl:auto_generated                                                                             ; lpm_divide_3sl      ; work         ;
;             |sign_div_unsign_5kh:divider|         ; 10 (0)              ; 0 (0)                     ; 0           ; 0          ; 0            ; 0       ; 0         ; 0    ; 0            ; 0          ; |Calculator|Divider:U4|lpm_divide:Div0|lpm_divide_3sl:auto_generated|sign_div_unsign_5kh:divider                                                 ; sign_div_unsign_5kh ; work         ;
;                |alt_u_div_kee:divider|            ; 10 (10)             ; 0 (0)                     ; 0           ; 0          ; 0            ; 0       ; 0         ; 0    ; 0            ; 0          ; |Calculator|Divider:U4|lpm_divide:Div0|lpm_divide_3sl:auto_generated|sign_div_unsign_5kh:divider|alt_u_div_kee:divider                           ; alt_u_div_kee       ; work         ;
;    |Multiplier:U3|                                ; 17 (0)              ; 0 (0)                     ; 0           ; 0          ; 0            ; 0       ; 0         ; 0    ; 0            ; 0          ; |Calculator|Multiplier:U3                                                                                                                        ; Multiplier          ; work         ;
;       |lpm_mult:Mult0|                            ; 17 (0)              ; 0 (0)                     ; 0           ; 0          ; 0            ; 0       ; 0         ; 0    ; 0            ; 0          ; |Calculator|Multiplier:U3|lpm_mult:Mult0                                                                                                         ; lpm_mult            ; work         ;
;          |multcore:mult_core|                     ; 17 (9)              ; 0 (0)                     ; 0           ; 0          ; 0            ; 0       ; 0         ; 0    ; 0            ; 0          ; |Calculator|Multiplier:U3|lpm_mult:Mult0|multcore:mult_core                                                                                      ; multcore            ; work         ;
;             |mpar_add:padder|                     ; 8 (0)               ; 0 (0)                     ; 0           ; 0          ; 0            ; 0       ; 0         ; 0    ; 0            ; 0          ; |Calculator|Multiplier:U3|lpm_mult:Mult0|multcore:mult_core|mpar_add:padder                                                                      ; mpar_add            ; work         ;
;                |lpm_add_sub:adder[0]|             ; 4 (0)               ; 0 (0)                     ; 0           ; 0          ; 0            ; 0       ; 0         ; 0    ; 0            ; 0          ; |Calculator|Multiplier:U3|lpm_mult:Mult0|multcore:mult_core|mpar_add:padder|lpm_add_sub:adder[0]                                                 ; lpm_add_sub         ; work         ;
;                   |add_sub_8mg:auto_generated|    ; 4 (4)               ; 0 (0)                     ; 0           ; 0          ; 0            ; 0       ; 0         ; 0    ; 0            ; 0          ; |Calculator|Multiplier:U3|lpm_mult:Mult0|multcore:mult_core|mpar_add:padder|lpm_add_sub:adder[0]|add_sub_8mg:auto_generated                      ; add_sub_8mg         ; work         ;
;                |mpar_add:sub_par_add|             ; 4 (0)               ; 0 (0)                     ; 0           ; 0          ; 0            ; 0       ; 0         ; 0    ; 0            ; 0          ; |Calculator|Multiplier:U3|lpm_mult:Mult0|multcore:mult_core|mpar_add:padder|mpar_add:sub_par_add                                                 ; mpar_add            ; work         ;
;                   |lpm_add_sub:adder[0]|          ; 4 (0)               ; 0 (0)                     ; 0           ; 0          ; 0            ; 0       ; 0         ; 0    ; 0            ; 0          ; |Calculator|Multiplier:U3|lpm_mult:Mult0|multcore:mult_core|mpar_add:padder|mpar_add:sub_par_add|lpm_add_sub:adder[0]                            ; lpm_add_sub         ; work         ;
;                      |add_sub_9mg:auto_generated| ; 4 (4)               ; 0 (0)                     ; 0           ; 0          ; 0            ; 0       ; 0         ; 0    ; 0            ; 0          ; |Calculator|Multiplier:U3|lpm_mult:Mult0|multcore:mult_core|mpar_add:padder|mpar_add:sub_par_add|lpm_add_sub:adder[0]|add_sub_9mg:auto_generated ; add_sub_9mg         ; work         ;
;    |SevenSegmentDecoder:U7|                       ; 7 (7)               ; 0 (0)                     ; 0           ; 0          ; 0            ; 0       ; 0         ; 0    ; 0            ; 0          ; |Calculator|SevenSegmentDecoder:U7                                                                                                               ; SevenSegmentDecoder ; work         ;
;    |SevenSegmentDecoder:U8|                       ; 5 (5)               ; 0 (0)                     ; 0           ; 0          ; 0            ; 0       ; 0         ; 0    ; 0            ; 0          ; |Calculator|SevenSegmentDecoder:U8                                                                                                               ; SevenSegmentDecoder ; work         ;
;    |Subtractor:U2|                                ; 4 (4)               ; 0 (0)                     ; 0           ; 0          ; 0            ; 0       ; 0         ; 0    ; 0            ; 0          ; |Calculator|Subtractor:U2                                                                                                                        ; Subtractor          ; work         ;
+---------------------------------------------------+---------------------+---------------------------+-------------+------------+--------------+---------+-----------+------+--------------+------------+--------------------------------------------------------------------------------------------------------------------------------------------------+---------------------+--------------+
Note: For table entries with two numbers listed, the numbers in parentheses indicate the number of resources of the given type used by the specific entity alone. The numbers listed outside of parentheses indicate the total resources of the given type used by the specific entity and all of its sub-entities in the hierarchy.


+------------------------------------------------------+
; General Register Statistics                          ;
+----------------------------------------------+-------+
; Statistic                                    ; Value ;
+----------------------------------------------+-------+
; Total registers                              ; 0     ;
; Number of registers using Synchronous Clear  ; 0     ;
; Number of registers using Synchronous Load   ; 0     ;
; Number of registers using Asynchronous Clear ; 0     ;
; Number of registers using Asynchronous Load  ; 0     ;
; Number of registers using Clock Enable       ; 0     ;
; Number of registers using Preset             ; 0     ;
+----------------------------------------------+-------+


+------------------------------------------------------------------------------------------------------------------------------------------+
; Multiplexer Restructuring Statistics (Restructuring Performed)                                                                           ;
+--------------------+-----------+---------------+----------------------+------------------------+------------+----------------------------+
; Multiplexer Inputs ; Bus Width ; Baseline Area ; Area if Restructured ; Saving if Restructured ; Registered ; Example Multiplexer Output ;
+--------------------+-----------+---------------+----------------------+------------------------+------------+----------------------------+
; 4:1                ; 2 bits    ; 4 LEs         ; 4 LEs                ; 0 LEs                  ; No         ; |Calculator|Mux3           ;
; 8:1                ; 3 bits    ; 15 LEs        ; 12 LEs               ; 3 LEs                  ; No         ; |Calculator|Mux5           ;
+--------------------+-----------+---------------+----------------------+------------------------+------------+----------------------------+


+---------------------------------------------------------------------------------+
; Parameter Settings for Inferred Entity Instance: Multiplier:U3|lpm_mult:Mult0   ;
+------------------------------------------------+----------+---------------------+
; Parameter Name                                 ; Value    ; Type                ;
+------------------------------------------------+----------+---------------------+
; AUTO_CARRY_CHAINS                              ; ON       ; AUTO_CARRY          ;
; IGNORE_CARRY_BUFFERS                           ; OFF      ; IGNORE_CARRY        ;
; AUTO_CASCADE_CHAINS                            ; ON       ; AUTO_CASCADE        ;
; IGNORE_CASCADE_BUFFERS                         ; OFF      ; IGNORE_CASCADE      ;
; LPM_WIDTHA                                     ; 3        ; Untyped             ;
; LPM_WIDTHB                                     ; 3        ; Untyped             ;
; LPM_WIDTHP                                     ; 6        ; Untyped             ;
; LPM_WIDTHR                                     ; 6        ; Untyped             ;
; LPM_WIDTHS                                     ; 1        ; Untyped             ;
; LPM_REPRESENTATION                             ; UNSIGNED ; Untyped             ;
; LPM_PIPELINE                                   ; 0        ; Untyped             ;
; LATENCY                                        ; 0        ; Untyped             ;
; INPUT_A_IS_CONSTANT                            ; NO       ; Untyped             ;
; INPUT_B_IS_CONSTANT                            ; NO       ; Untyped             ;
; USE_EAB                                        ; OFF      ; Untyped             ;
; MAXIMIZE_SPEED                                 ; 5        ; Untyped             ;
; DEVICE_FAMILY                                  ; MAX 10   ; Untyped             ;
; CARRY_CHAIN                                    ; MANUAL   ; Untyped             ;
; APEX20K_TECHNOLOGY_MAPPER                      ; LUT      ; TECH_MAPPER_APEX20K ;
; DEDICATED_MULTIPLIER_CIRCUITRY                 ; AUTO     ; Untyped             ;
; DEDICATED_MULTIPLIER_MIN_INPUT_WIDTH_FOR_AUTO  ; 0        ; Untyped             ;
; DEDICATED_MULTIPLIER_MIN_OUTPUT_WIDTH_FOR_AUTO ; 0        ; Untyped             ;
; CBXI_PARAMETER                                 ; NOTHING  ; Untyped             ;
; INPUT_A_FIXED_VALUE                            ; Bx       ; Untyped             ;
; INPUT_B_FIXED_VALUE                            ; Bx       ; Untyped             ;
; USE_AHDL_IMPLEMENTATION                        ; OFF      ; Untyped             ;
+------------------------------------------------+----------+---------------------+
Note: In order to hide this table in the UI and the text report file, please set the "Show Parameter Settings in Synthesis Report" option in "Analysis and Synthesis Settings -> More Settings" to "Off".


+-----------------------------------------------------------------------------+
; Parameter Settings for Inferred Entity Instance: Divider:U4|lpm_divide:Div0 ;
+------------------------+----------------+-----------------------------------+
; Parameter Name         ; Value          ; Type                              ;
+------------------------+----------------+-----------------------------------+
; LPM_WIDTHN             ; 3              ; Untyped                           ;
; LPM_WIDTHD             ; 3              ; Untyped                           ;
; LPM_NREPRESENTATION    ; UNSIGNED       ; Untyped                           ;
; LPM_DREPRESENTATION    ; UNSIGNED       ; Untyped                           ;
; LPM_PIPELINE           ; 0              ; Untyped                           ;
; LPM_REMAINDERPOSITIVE  ; TRUE           ; Untyped                           ;
; MAXIMIZE_SPEED         ; 5              ; Untyped                           ;
; CBXI_PARAMETER         ; lpm_divide_3sl ; Untyped                           ;
; CARRY_CHAIN            ; MANUAL         ; Untyped                           ;
; OPTIMIZE_FOR_SPEED     ; 5              ; Untyped                           ;
; AUTO_CARRY_CHAINS      ; ON             ; AUTO_CARRY                        ;
; IGNORE_CARRY_BUFFERS   ; OFF            ; IGNORE_CARRY                      ;
; AUTO_CASCADE_CHAINS    ; ON             ; AUTO_CASCADE                      ;
; IGNORE_CASCADE_BUFFERS ; OFF            ; IGNORE_CASCADE                    ;
+------------------------+----------------+-----------------------------------+
Note: In order to hide this table in the UI and the text report file, please set the "Show Parameter Settings in Synthesis Report" option in "Analysis and Synthesis Settings -> More Settings" to "Off".


+----------------------------------------------------------------------+
; lpm_mult Parameter Settings by Entity Instance                       ;
+---------------------------------------+------------------------------+
; Name                                  ; Value                        ;
+---------------------------------------+------------------------------+
; Number of entity instances            ; 1                            ;
; Entity Instance                       ; Multiplier:U3|lpm_mult:Mult0 ;
;     -- LPM_WIDTHA                     ; 3                            ;
;     -- LPM_WIDTHB                     ; 3                            ;
;     -- LPM_WIDTHP                     ; 6                            ;
;     -- LPM_REPRESENTATION             ; UNSIGNED                     ;
;     -- INPUT_A_IS_CONSTANT            ; NO                           ;
;     -- INPUT_B_IS_CONSTANT            ; NO                           ;
;     -- USE_EAB                        ; OFF                          ;
;     -- DEDICATED_MULTIPLIER_CIRCUITRY ; AUTO                         ;
;     -- INPUT_A_FIXED_VALUE            ; Bx                           ;
;     -- INPUT_B_FIXED_VALUE            ; Bx                           ;
+---------------------------------------+------------------------------+


+-----------------------------------------------------------------------------------------------------------------------+
; Port Connectivity Checks: "Divider:U4"                                                                                ;
+-------------+--------+----------+-------------------------------------------------------------------------------------+
; Port        ; Type   ; Severity ; Details                                                                             ;
+-------------+--------+----------+-------------------------------------------------------------------------------------+
; div_by_zero ; Output ; Info     ; Connected to dangling logic. Logic that only feeds a dangling port will be removed. ;
+-------------+--------+----------+-------------------------------------------------------------------------------------+


+-----------------------------------------------------+
; Post-Synthesis Netlist Statistics for Top Partition ;
+-----------------------+-----------------------------+
; Type                  ; Count                       ;
+-----------------------+-----------------------------+
; boundary_port         ; 25                          ;
; cycloneiii_lcell_comb ; 70                          ;
;     arith             ; 15                          ;
;         2 data inputs ; 1                           ;
;         3 data inputs ; 14                          ;
;     normal            ; 55                          ;
;         0 data inputs ; 5                           ;
;         1 data inputs ; 4                           ;
;         2 data inputs ; 13                          ;
;         3 data inputs ; 10                          ;
;         4 data inputs ; 23                          ;
;                       ;                             ;
; Max LUT depth         ; 7.20                        ;
; Average LUT depth     ; 6.12                        ;
+-----------------------+-----------------------------+


+-------------------------------+
; Elapsed Time Per Partition    ;
+----------------+--------------+
; Partition Name ; Elapsed Time ;
+----------------+--------------+
; Top            ; 00:00:01     ;
+----------------+--------------+


+-------------------------------+
; Analysis & Synthesis Messages ;
+-------------------------------+
Info: *******************************************************************
Info: Running Quartus Prime Analysis & Synthesis
    Info: Version 19.1.0 Build 670 09/22/2019 SJ Lite Edition
    Info: Processing started: Wed Feb 26 08:42:33 2025
Info: Command: quartus_map --read_settings_files=on --write_settings_files=off calculator -c calculator
Warning (18236): Number of processors has not been specified which may cause overloading on shared machines.  Set the global assignment NUM_PARALLEL_PROCESSORS in your QSF to an appropriate value for best performance.
Info (20030): Parallel compilation is enabled and will use 10 of the 10 processors detected
Info (12021): Found 2 design units, including 1 entities, in source file calculator.vhd
    Info (12022): Found design unit 1: Calculator-Behavioral File: C:/Users/luish/Desktop/Apresentar em Lógica amanhã/calculator/calculator.vhd Line: 14
    Info (12023): Found entity 1: Calculator File: C:/Users/luish/Desktop/Apresentar em Lógica amanhã/calculator/calculator.vhd Line: 5
Info (12021): Found 2 design units, including 1 entities, in source file adder.vhd
    Info (12022): Found design unit 1: Adder-Behavioral File: C:/Users/luish/Desktop/Apresentar em Lógica amanhã/calculator/adder.vhd Line: 14
    Info (12023): Found entity 1: Adder File: C:/Users/luish/Desktop/Apresentar em Lógica amanhã/calculator/adder.vhd Line: 5
Info (12021): Found 2 design units, including 1 entities, in source file subtractor.vhd
    Info (12022): Found design unit 1: Subtractor-Behavioral File: C:/Users/luish/Desktop/Apresentar em Lógica amanhã/calculator/subtractor.vhd Line: 13
    Info (12023): Found entity 1: Subtractor File: C:/Users/luish/Desktop/Apresentar em Lógica amanhã/calculator/subtractor.vhd Line: 5
Info (12021): Found 2 design units, including 1 entities, in source file multiplier.vhd
    Info (12022): Found design unit 1: Multiplier-Behavioral File: C:/Users/luish/Desktop/Apresentar em Lógica amanhã/calculator/multiplier.vhd Line: 15
    Info (12023): Found entity 1: Multiplier File: C:/Users/luish/Desktop/Apresentar em Lógica amanhã/calculator/multiplier.vhd Line: 6
Info (12021): Found 2 design units, including 1 entities, in source file divider.vhd
    Info (12022): Found design unit 1: Divider-Behavioral File: C:/Users/luish/Desktop/Apresentar em Lógica amanhã/calculator/divider.vhd Line: 14
    Info (12023): Found entity 1: Divider File: C:/Users/luish/Desktop/Apresentar em Lógica amanhã/calculator/divider.vhd Line: 5
Info (12021): Found 2 design units, including 1 entities, in source file and_operation.vhd
    Info (12022): Found design unit 1: And_Operation-Behavioral File: C:/Users/luish/Desktop/Apresentar em Lógica amanhã/calculator/and_operation.vhd Line: 12
    Info (12023): Found entity 1: And_Operation File: C:/Users/luish/Desktop/Apresentar em Lógica amanhã/calculator/and_operation.vhd Line: 4
Info (12021): Found 2 design units, including 1 entities, in source file or_operation.vhd
    Info (12022): Found design unit 1: Or_Operation-Behavioral File: C:/Users/luish/Desktop/Apresentar em Lógica amanhã/calculator/or_operation.vhd Line: 12
    Info (12023): Found entity 1: Or_Operation File: C:/Users/luish/Desktop/Apresentar em Lógica amanhã/calculator/or_operation.vhd Line: 4
Info (12021): Found 2 design units, including 1 entities, in source file seven_segment_decoder.vhd
    Info (12022): Found design unit 1: SevenSegmentDecoder-Behavioral File: C:/Users/luish/Desktop/Apresentar em Lógica amanhã/calculator/seven_segment_decoder.vhd Line: 13
    Info (12023): Found entity 1: SevenSegmentDecoder File: C:/Users/luish/Desktop/Apresentar em Lógica amanhã/calculator/seven_segment_decoder.vhd Line: 6
Info (12127): Elaborating entity "calculator" for the top level hierarchy
Info (12128): Elaborating entity "Adder" for hierarchy "Adder:U1" File: C:/Users/luish/Desktop/Apresentar em Lógica amanhã/calculator/calculator.vhd Line: 30
Info (12128): Elaborating entity "Subtractor" for hierarchy "Subtractor:U2" File: C:/Users/luish/Desktop/Apresentar em Lógica amanhã/calculator/calculator.vhd Line: 31
Info (12128): Elaborating entity "Multiplier" for hierarchy "Multiplier:U3" File: C:/Users/luish/Desktop/Apresentar em Lógica amanhã/calculator/calculator.vhd Line: 32
Info (12128): Elaborating entity "Divider" for hierarchy "Divider:U4" File: C:/Users/luish/Desktop/Apresentar em Lógica amanhã/calculator/calculator.vhd Line: 33
Info (12128): Elaborating entity "And_Operation" for hierarchy "And_Operation:U5" File: C:/Users/luish/Desktop/Apresentar em Lógica amanhã/calculator/calculator.vhd Line: 34
Info (12128): Elaborating entity "Or_Operation" for hierarchy "Or_Operation:U6" File: C:/Users/luish/Desktop/Apresentar em Lógica amanhã/calculator/calculator.vhd Line: 35
Info (12128): Elaborating entity "SevenSegmentDecoder" for hierarchy "SevenSegmentDecoder:U7" File: C:/Users/luish/Desktop/Apresentar em Lógica amanhã/calculator/calculator.vhd Line: 69
Info (278001): Inferred 2 megafunctions from design logic
    Info (278003): Inferred multiplier megafunction ("lpm_mult") from the following logic: "Multiplier:U3|Mult0" File: c:/intelfpga_lite/19.1/quartus/libraries/vhdl/synopsys/ieee/syn_arit.vhd Line: 687
    Info (278004): Inferred divider/modulo megafunction ("lpm_divide") from the following logic: "Divider:U4|Div0" File: C:/Users/luish/Desktop/Apresentar em Lógica amanhã/calculator/divider.vhd Line: 29
Info (12130): Elaborated megafunction instantiation "Multiplier:U3|lpm_mult:Mult0" File: c:/intelfpga_lite/19.1/quartus/libraries/vhdl/synopsys/ieee/syn_arit.vhd Line: 687
Info (12133): Instantiated megafunction "Multiplier:U3|lpm_mult:Mult0" with the following parameter: File: c:/intelfpga_lite/19.1/quartus/libraries/vhdl/synopsys/ieee/syn_arit.vhd Line: 687
    Info (12134): Parameter "LPM_WIDTHA" = "3"
    Info (12134): Parameter "LPM_WIDTHB" = "3"
    Info (12134): Parameter "LPM_WIDTHP" = "6"
    Info (12134): Parameter "LPM_WIDTHR" = "6"
    Info (12134): Parameter "LPM_WIDTHS" = "1"
    Info (12134): Parameter "LPM_REPRESENTATION" = "UNSIGNED"
    Info (12134): Parameter "INPUT_A_IS_CONSTANT" = "NO"
    Info (12134): Parameter "INPUT_B_IS_CONSTANT" = "NO"
    Info (12134): Parameter "MAXIMIZE_SPEED" = "5"
Info (12131): Elaborated megafunction instantiation "Multiplier:U3|lpm_mult:Mult0|multcore:mult_core", which is child of megafunction instantiation "Multiplier:U3|lpm_mult:Mult0" File: c:/intelfpga_lite/19.1/quartus/libraries/megafunctions/lpm_mult.tdf Line: 324
Info (12131): Elaborated megafunction instantiation "Multiplier:U3|lpm_mult:Mult0|multcore:mult_core|mpar_add:padder", which is child of megafunction instantiation "Multiplier:U3|lpm_mult:Mult0" File: c:/intelfpga_lite/19.1/quartus/libraries/megafunctions/multcore.tdf Line: 283
Info (12131): Elaborated megafunction instantiation "Multiplier:U3|lpm_mult:Mult0|multcore:mult_core|mpar_add:padder|lpm_add_sub:adder[0]", which is child of megafunction instantiation "Multiplier:U3|lpm_mult:Mult0" File: c:/intelfpga_lite/19.1/quartus/libraries/megafunctions/mpar_add.tdf Line: 78
Info (12021): Found 1 design units, including 1 entities, in source file db/add_sub_8mg.tdf
    Info (12023): Found entity 1: add_sub_8mg File: C:/Users/luish/Desktop/Apresentar em Lógica amanhã/calculator/db/add_sub_8mg.tdf Line: 23
Info (12131): Elaborated megafunction instantiation "Multiplier:U3|lpm_mult:Mult0|multcore:mult_core|mpar_add:padder|mpar_add:sub_par_add", which is child of megafunction instantiation "Multiplier:U3|lpm_mult:Mult0" File: c:/intelfpga_lite/19.1/quartus/libraries/megafunctions/mpar_add.tdf Line: 138
Info (12131): Elaborated megafunction instantiation "Multiplier:U3|lpm_mult:Mult0|multcore:mult_core|mpar_add:padder|mpar_add:sub_par_add|lpm_add_sub:adder[0]", which is child of megafunction instantiation "Multiplier:U3|lpm_mult:Mult0" File: c:/intelfpga_lite/19.1/quartus/libraries/megafunctions/mpar_add.tdf Line: 78
Info (12021): Found 1 design units, including 1 entities, in source file db/add_sub_9mg.tdf
    Info (12023): Found entity 1: add_sub_9mg File: C:/Users/luish/Desktop/Apresentar em Lógica amanhã/calculator/db/add_sub_9mg.tdf Line: 23
Info (12131): Elaborated megafunction instantiation "Multiplier:U3|lpm_mult:Mult0|altshift:external_latency_ffs", which is child of megafunction instantiation "Multiplier:U3|lpm_mult:Mult0" File: c:/intelfpga_lite/19.1/quartus/libraries/megafunctions/lpm_mult.tdf Line: 352
Info (12130): Elaborated megafunction instantiation "Divider:U4|lpm_divide:Div0" File: C:/Users/luish/Desktop/Apresentar em Lógica amanhã/calculator/divider.vhd Line: 29
Info (12133): Instantiated megafunction "Divider:U4|lpm_divide:Div0" with the following parameter: File: C:/Users/luish/Desktop/Apresentar em Lógica amanhã/calculator/divider.vhd Line: 29
    Info (12134): Parameter "LPM_WIDTHN" = "3"
    Info (12134): Parameter "LPM_WIDTHD" = "3"
    Info (12134): Parameter "LPM_NREPRESENTATION" = "UNSIGNED"
    Info (12134): Parameter "LPM_DREPRESENTATION" = "UNSIGNED"
Info (12021): Found 1 design units, including 1 entities, in source file db/lpm_divide_3sl.tdf
    Info (12023): Found entity 1: lpm_divide_3sl File: C:/Users/luish/Desktop/Apresentar em Lógica amanhã/calculator/db/lpm_divide_3sl.tdf Line: 25
Info (12021): Found 1 design units, including 1 entities, in source file db/sign_div_unsign_5kh.tdf
    Info (12023): Found entity 1: sign_div_unsign_5kh File: C:/Users/luish/Desktop/Apresentar em Lógica amanhã/calculator/db/sign_div_unsign_5kh.tdf Line: 25
Info (12021): Found 1 design units, including 1 entities, in source file db/alt_u_div_kee.tdf
    Info (12023): Found entity 1: alt_u_div_kee File: C:/Users/luish/Desktop/Apresentar em Lógica amanhã/calculator/db/alt_u_div_kee.tdf Line: 27
Info (12021): Found 1 design units, including 1 entities, in source file db/add_sub_t3c.tdf
    Info (12023): Found entity 1: add_sub_t3c File: C:/Users/luish/Desktop/Apresentar em Lógica amanhã/calculator/db/add_sub_t3c.tdf Line: 23
Info (12021): Found 1 design units, including 1 entities, in source file db/add_sub_u3c.tdf
    Info (12023): Found entity 1: add_sub_u3c File: C:/Users/luish/Desktop/Apresentar em Lógica amanhã/calculator/db/add_sub_u3c.tdf Line: 23
Warning (13024): Output pins are stuck at VCC or GND
    Warning (13410): Pin "Overflow" is stuck at GND File: C:/Users/luish/Desktop/Apresentar em Lógica amanhã/calculator/calculator.vhd Line: 10
Info (286030): Timing-Driven Synthesis is running
Info (16010): Generating hard_block partition "hard_block:auto_generated_inst"
    Info (16011): Adding 0 node(s), including 0 DDIO, 0 PLL, 0 transceiver and 0 LCELL
Warning (21074): Design contains 1 input pin(s) that do not drive logic
    Warning (15610): No output dependent on input pin "SW[9]" File: C:/Users/luish/Desktop/Apresentar em Lógica amanhã/calculator/calculator.vhd Line: 7
Info (21057): Implemented 90 device resources after synthesis - the final resource count might be different
    Info (21058): Implemented 10 input pins
    Info (21059): Implemented 15 output pins
    Info (21061): Implemented 65 logic cells
Info: Quartus Prime Analysis & Synthesis was successful. 0 errors, 5 warnings
    Info: Peak virtual memory: 4810 megabytes
    Info: Processing ended: Wed Feb 26 08:42:41 2025
    Info: Elapsed time: 00:00:08
    Info: Total CPU time (on all processors): 00:00:16


