Analysis & Synthesis report for atividade7
Wed Feb 26 08:42:09 2025
Quartus Prime Version 19.1.0 Build 670 09/22/2019 SJ Lite Edition


---------------------
; Table of Contents ;
---------------------
  1. Legal Notice
  2. Analysis & Synthesis Summary
  3. Analysis & Synthesis Settings
  4. Parallel Compilation
  5. Analysis & Synthesis Source Files Read
  6. Analysis & Synthesis Resource Usage Summary
  7. Analysis & Synthesis Resource Utilization by Entity
  8. General Register Statistics
  9. Inverted Register Statistics
 10. Parameter Settings for Inferred Entity Instance: lpm_divide:Mod0
 11. Post-Synthesis Netlist Statistics for Top Partition
 12. Elapsed Time Per Partition
 13. Analysis & Synthesis Messages



----------------
; Legal Notice ;
----------------
Copyright (C) 2019  Intel Corporation. All rights reserved.
Your use of Intel Corporation's design tools, logic functions 
and other software and tools, and any partner logic 
functions, and any output files from any of the foregoing 
(including device programming or simulation files), and any 
associated documentation or information are expressly subject 
to the terms and conditions of the Intel Program License 
Subscription Agreement, the Intel Quartus Prime License Agreement,
the Intel FPGA IP License Agreement, or other applicable license
agreement, including, without limitation, that your use is for
the sole purpose of programming logic devices manufactured by
Intel and sold by Intel or its authorized distributors.  Please
refer to the applicable agreement for further details, at
https://fpgasoftware.intel.com/eula.



+----------------------------------------------------------------------------------+
; Analysis & Synthesis Summary                                                     ;
+------------------------------------+---------------------------------------------+
; Analysis & Synthesis Status        ; Successful - Wed Feb 26 08:42:09 2025       ;
; Quartus Prime Version              ; 19.1.0 Build 670 09/22/2019 SJ Lite Edition ;
; Revision Name                      ; atividade7                                  ;
; Top-level Entity Name              ; atividade7                                  ;
; Family                             ; MAX 10                                      ;
; Total logic elements               ; 1,715                                       ;
;     Total combinational functions  ; 1,715                                       ;
;     Dedicated logic registers      ; 66                                          ;
; Total registers                    ; 66                                          ;
; Total pins                         ; 12                                          ;
; Total virtual pins                 ; 0                                           ;
; Total memory bits                  ; 0                                           ;
; Embedded Multiplier 9-bit elements ; 0                                           ;
; Total PLLs                         ; 0                                           ;
; UFM blocks                         ; 0                                           ;
; ADC blocks                         ; 0                                           ;
+------------------------------------+---------------------------------------------+


+------------------------------------------------------------------------------------------------------------+
; Analysis & Synthesis Settings                                                                              ;
+------------------------------------------------------------------+--------------------+--------------------+
; Option                                                           ; Setting            ; Default Value      ;
+------------------------------------------------------------------+--------------------+--------------------+
; Device                                                           ; 10M50DAF484C7G     ;                    ;
; Top-level entity name                                            ; atividade7         ; atividade7         ;
; Family name                                                      ; MAX 10             ; Cyclone V          ;
; Use smart compilation                                            ; Off                ; Off                ;
; Enable parallel Assembler and Timing Analyzer during compilation ; On                 ; On                 ;
; Enable compact report table                                      ; Off                ; Off                ;
; Restructure Multiplexers                                         ; Auto               ; Auto               ;
; Create Debugging Nodes for IP Cores                              ; Off                ; Off                ;
; Preserve fewer node names                                        ; On                 ; On                 ;
; Intel FPGA IP Evaluation Mode                                    ; Enable             ; Enable             ;
; Verilog Version                                                  ; Verilog_2001       ; Verilog_2001       ;
; VHDL Version                                                     ; VHDL_1993          ; VHDL_1993          ;
; State Machine Processing                                         ; Auto               ; Auto               ;
; Safe State Machine                                               ; Off                ; Off                ;
; Extract Verilog State Machines                                   ; On                 ; On                 ;
; Extract VHDL State Machines                                      ; On                 ; On                 ;
; Ignore Verilog initial constructs                                ; Off                ; Off                ;
; Iteration limit for constant Verilog loops                       ; 5000               ; 5000               ;
; Iteration limit for non-constant Verilog loops                   ; 250                ; 250                ;
; Add Pass-Through Logic to Inferred RAMs                          ; On                 ; On                 ;
; Infer RAMs from Raw Logic                                        ; On                 ; On                 ;
; Parallel Synthesis                                               ; On                 ; On                 ;
; DSP Block Balancing                                              ; Auto               ; Auto               ;
; NOT Gate Push-Back                                               ; On                 ; On                 ;
; Power-Up Don't Care                                              ; On                 ; On                 ;
; Remove Redundant Logic Cells                                     ; Off                ; Off                ;
; Remove Duplicate Registers                                       ; On                 ; On                 ;
; Ignore CARRY Buffers                                             ; Off                ; Off                ;
; Ignore CASCADE Buffers                                           ; Off                ; Off                ;
; Ignore GLOBAL Buffers                                            ; Off                ; Off                ;
; Ignore ROW GLOBAL Buffers                                        ; Off                ; Off                ;
; Ignore LCELL Buffers                                             ; Off                ; Off                ;
; Ignore SOFT Buffers                                              ; On                 ; On                 ;
; Limit AHDL Integers to 32 Bits                                   ; Off                ; Off                ;
; Optimization Technique                                           ; Balanced           ; Balanced           ;
; Carry Chain Length                                               ; 70                 ; 70                 ;
; Auto Carry Chains                                                ; On                 ; On                 ;
; Auto Open-Drain Pins                                             ; On                 ; On                 ;
; Perform WYSIWYG Primitive Resynthesis                            ; Off                ; Off                ;
; Auto ROM Replacement                                             ; On                 ; On                 ;
; Auto RAM Replacement                                             ; On                 ; On                 ;
; Auto DSP Block Replacement                                       ; On                 ; On                 ;
; Auto Shift Register Replacement                                  ; Auto               ; Auto               ;
; Allow Shift Register Merging across Hierarchies                  ; Auto               ; Auto               ;
; Auto Clock Enable Replacement                                    ; On                 ; On                 ;
; Strict RAM Replacement                                           ; Off                ; Off                ;
; Allow Synchronous Control Signals                                ; On                 ; On                 ;
; Force Use of Synchronous Clear Signals                           ; Off                ; Off                ;
; Auto RAM Block Balancing                                         ; On                 ; On                 ;
; Auto RAM to Logic Cell Conversion                                ; Off                ; Off                ;
; Auto Resource Sharing                                            ; Off                ; Off                ;
; Allow Any RAM Size For Recognition                               ; Off                ; Off                ;
; Allow Any ROM Size For Recognition                               ; Off                ; Off                ;
; Allow Any Shift Register Size For Recognition                    ; Off                ; Off                ;
; Use LogicLock Constraints during Resource Balancing              ; On                 ; On                 ;
; Ignore translate_off and synthesis_off directives                ; Off                ; Off                ;
; Timing-Driven Synthesis                                          ; On                 ; On                 ;
; Report Parameter Settings                                        ; On                 ; On                 ;
; Report Source Assignments                                        ; On                 ; On                 ;
; Report Connectivity Checks                                       ; On                 ; On                 ;
; Ignore Maximum Fan-Out Assignments                               ; Off                ; Off                ;
; Synchronization Register Chain Length                            ; 2                  ; 2                  ;
; Power Optimization During Synthesis                              ; Normal compilation ; Normal compilation ;
; HDL message level                                                ; Level2             ; Level2             ;
; Suppress Register Optimization Related Messages                  ; Off                ; Off                ;
; Number of Removed Registers Reported in Synthesis Report         ; 5000               ; 5000               ;
; Number of Swept Nodes Reported in Synthesis Report               ; 5000               ; 5000               ;
; Number of Inverted Registers Reported in Synthesis Report        ; 100                ; 100                ;
; Clock MUX Protection                                             ; On                 ; On                 ;
; Auto Gated Clock Conversion                                      ; Off                ; Off                ;
; Block Design Naming                                              ; Auto               ; Auto               ;
; SDC constraint protection                                        ; Off                ; Off                ;
; Synthesis Effort                                                 ; Auto               ; Auto               ;
; Shift Register Replacement - Allow Asynchronous Clear Signal     ; On                 ; On                 ;
; Pre-Mapping Resynthesis Optimization                             ; Off                ; Off                ;
; Analysis & Synthesis Message Level                               ; Medium             ; Medium             ;
; Disable Register Merging Across Hierarchies                      ; Auto               ; Auto               ;
; Resource Aware Inference For Block RAM                           ; On                 ; On                 ;
+------------------------------------------------------------------+--------------------+--------------------+


+------------------------------------------+
; Parallel Compilation                     ;
+----------------------------+-------------+
; Processors                 ; Number      ;
+----------------------------+-------------+
; Number detected on machine ; 16          ;
; Maximum allowed            ; 10          ;
;                            ;             ;
; Average used               ; 1.00        ;
; Maximum used               ; 10          ;
;                            ;             ;
; Usage by Processor         ; % Time Used ;
;     Processor 1            ; 100.0%      ;
;     Processor 2            ;   0.0%      ;
;     Processor 3            ;   0.0%      ;
;     Processor 4            ;   0.0%      ;
;     Processor 5            ;   0.0%      ;
;     Processor 6            ;   0.0%      ;
;     Processors 7-10        ;   0.0%      ;
+----------------------------+-------------+


+-------------------------------------------------------------------------------------------------------------------------------------------------------------------------------------------------+
; Analysis & Synthesis Source Files Read                                                                                                                                                          ;
+----------------------------------+-----------------+------------------------------+---------------------------------------------------------------------------------------------------+---------+
; File Name with User-Entered Path ; Used in Netlist ; File Type                    ; File Name with Absolute Path                                                                      ; Library ;
+----------------------------------+-----------------+------------------------------+---------------------------------------------------------------------------------------------------+---------+
; atividade7.vhd                   ; yes             ; User VHDL File               ; C:/Users/luish/Desktop/Apresentar em Lógica amanhã/atividade 7/atividade 7/atividade7.vhd         ;         ;
; lpm_divide.tdf                   ; yes             ; Megafunction                 ; c:/intelfpga_lite/19.1/quartus/libraries/megafunctions/lpm_divide.tdf                             ;         ;
; abs_divider.inc                  ; yes             ; Megafunction                 ; c:/intelfpga_lite/19.1/quartus/libraries/megafunctions/abs_divider.inc                            ;         ;
; sign_div_unsign.inc              ; yes             ; Megafunction                 ; c:/intelfpga_lite/19.1/quartus/libraries/megafunctions/sign_div_unsign.inc                        ;         ;
; aglobal191.inc                   ; yes             ; Megafunction                 ; c:/intelfpga_lite/19.1/quartus/libraries/megafunctions/aglobal191.inc                             ;         ;
; db/lpm_divide_25o.tdf            ; yes             ; Auto-Generated Megafunction  ; C:/Users/luish/Desktop/Apresentar em Lógica amanhã/atividade 7/atividade 7/db/lpm_divide_25o.tdf  ;         ;
; db/abs_divider_4dg.tdf           ; yes             ; Auto-Generated Megafunction  ; C:/Users/luish/Desktop/Apresentar em Lógica amanhã/atividade 7/atividade 7/db/abs_divider_4dg.tdf ;         ;
; db/alt_u_div_ske.tdf             ; yes             ; Auto-Generated Megafunction  ; C:/Users/luish/Desktop/Apresentar em Lógica amanhã/atividade 7/atividade 7/db/alt_u_div_ske.tdf   ;         ;
; db/add_sub_t3c.tdf               ; yes             ; Auto-Generated Megafunction  ; C:/Users/luish/Desktop/Apresentar em Lógica amanhã/atividade 7/atividade 7/db/add_sub_t3c.tdf     ;         ;
; db/add_sub_u3c.tdf               ; yes             ; Auto-Generated Megafunction  ; C:/Users/luish/Desktop/Apresentar em Lógica amanhã/atividade 7/atividade 7/db/add_sub_u3c.tdf     ;         ;
; db/lpm_abs_8b9.tdf               ; yes             ; Auto-Generated Megafunction  ; C:/Users/luish/Desktop/Apresentar em Lógica amanhã/atividade 7/atividade 7/db/lpm_abs_8b9.tdf     ;         ;
+----------------------------------+-----------------+------------------------------+---------------------------------------------------------------------------------------------------+---------+


+-----------------------------------------------------------+
; Analysis & Synthesis Resource Usage Summary               ;
+---------------------------------------------+-------------+
; Resource                                    ; Usage       ;
+---------------------------------------------+-------------+
; Estimated Total logic elements              ; 1,715       ;
;                                             ;             ;
; Total combinational functions               ; 1715        ;
; Logic element usage by number of LUT inputs ;             ;
;     -- 4 input functions                    ; 566         ;
;     -- 3 input functions                    ; 533         ;
;     -- <=2 input functions                  ; 616         ;
;                                             ;             ;
; Logic elements by mode                      ;             ;
;     -- normal mode                          ; 1126        ;
;     -- arithmetic mode                      ; 589         ;
;                                             ;             ;
; Total registers                             ; 66          ;
;     -- Dedicated logic registers            ; 66          ;
;     -- I/O registers                        ; 0           ;
;                                             ;             ;
; I/O pins                                    ; 12          ;
;                                             ;             ;
; Embedded Multiplier 9-bit elements          ; 0           ;
;                                             ;             ;
; Maximum fan-out node                        ; counter[31] ;
; Maximum fan-out                             ; 117         ;
; Total fan-out                               ; 5312        ;
; Average fan-out                             ; 2.94        ;
+---------------------------------------------+-------------+


+----------------------------------------------------------------------------------------------------------------------------------------------------------------------------------------------------------------------------------------------------------------------------------------------------------------------------------------+
; Analysis & Synthesis Resource Utilization by Entity                                                                                                                                                                                                                                                                                    ;
+---------------------------------------+---------------------+---------------------------+-------------+------------+--------------+---------+-----------+------+--------------+------------+----------------------------------------------------------------------------------------------------------+-----------------+--------------+
; Compilation Hierarchy Node            ; Combinational ALUTs ; Dedicated Logic Registers ; Memory Bits ; UFM Blocks ; DSP Elements ; DSP 9x9 ; DSP 18x18 ; Pins ; Virtual Pins ; ADC blocks ; Full Hierarchy Name                                                                                      ; Entity Name     ; Library Name ;
+---------------------------------------+---------------------+---------------------------+-------------+------------+--------------+---------+-----------+------+--------------+------------+----------------------------------------------------------------------------------------------------------+-----------------+--------------+
; |atividade7                           ; 1715 (160)          ; 66 (66)                   ; 0           ; 0          ; 0            ; 0       ; 0         ; 12   ; 0            ; 0          ; |atividade7                                                                                              ; atividade7      ; work         ;
;    |lpm_divide:Mod0|                  ; 1555 (0)            ; 0 (0)                     ; 0           ; 0          ; 0            ; 0       ; 0         ; 0    ; 0            ; 0          ; |atividade7|lpm_divide:Mod0                                                                              ; lpm_divide      ; work         ;
;       |lpm_divide_25o:auto_generated| ; 1555 (0)            ; 0 (0)                     ; 0           ; 0          ; 0            ; 0       ; 0         ; 0    ; 0            ; 0          ; |atividade7|lpm_divide:Mod0|lpm_divide_25o:auto_generated                                                ; lpm_divide_25o  ; work         ;
;          |abs_divider_4dg:divider|    ; 1555 (8)            ; 0 (0)                     ; 0           ; 0          ; 0            ; 0       ; 0         ; 0    ; 0            ; 0          ; |atividade7|lpm_divide:Mod0|lpm_divide_25o:auto_generated|abs_divider_4dg:divider                        ; abs_divider_4dg ; work         ;
;             |alt_u_div_ske:divider|   ; 1510 (1510)         ; 0 (0)                     ; 0           ; 0          ; 0            ; 0       ; 0         ; 0    ; 0            ; 0          ; |atividade7|lpm_divide:Mod0|lpm_divide_25o:auto_generated|abs_divider_4dg:divider|alt_u_div_ske:divider  ; alt_u_div_ske   ; work         ;
;             |lpm_abs_8b9:my_abs_num|  ; 37 (37)             ; 0 (0)                     ; 0           ; 0          ; 0            ; 0       ; 0         ; 0    ; 0            ; 0          ; |atividade7|lpm_divide:Mod0|lpm_divide_25o:auto_generated|abs_divider_4dg:divider|lpm_abs_8b9:my_abs_num ; lpm_abs_8b9     ; work         ;
+---------------------------------------+---------------------+---------------------------+-------------+------------+--------------+---------+-----------+------+--------------+------------+----------------------------------------------------------------------------------------------------------+-----------------+--------------+
Note: For table entries with two numbers listed, the numbers in parentheses indicate the number of resources of the given type used by the specific entity alone. The numbers listed outside of parentheses indicate the total resources of the given type used by the specific entity and all of its sub-entities in the hierarchy.


+------------------------------------------------------+
; General Register Statistics                          ;
+----------------------------------------------+-------+
; Statistic                                    ; Value ;
+----------------------------------------------+-------+
; Total registers                              ; 66    ;
; Number of registers using Synchronous Clear  ; 0     ;
; Number of registers using Synchronous Load   ; 32    ;
; Number of registers using Asynchronous Clear ; 33    ;
; Number of registers using Asynchronous Load  ; 0     ;
; Number of registers using Clock Enable       ; 32    ;
; Number of registers using Preset             ; 0     ;
+----------------------------------------------+-------+


+--------------------------------------------------+
; Inverted Register Statistics                     ;
+----------------------------------------+---------+
; Inverted Register                      ; Fan out ;
+----------------------------------------+---------+
; counter[1]                             ; 8       ;
; counter[3]                             ; 9       ;
; Total number of inverted registers = 2 ;         ;
+----------------------------------------+---------+


+------------------------------------------------------------------+
; Parameter Settings for Inferred Entity Instance: lpm_divide:Mod0 ;
+------------------------+----------------+------------------------+
; Parameter Name         ; Value          ; Type                   ;
+------------------------+----------------+------------------------+
; LPM_WIDTHN             ; 32             ; Untyped                ;
; LPM_WIDTHD             ; 32             ; Untyped                ;
; LPM_NREPRESENTATION    ; SIGNED         ; Untyped                ;
; LPM_DREPRESENTATION    ; SIGNED         ; Untyped                ;
; LPM_PIPELINE           ; 0              ; Untyped                ;
; LPM_REMAINDERPOSITIVE  ; FALSE          ; Untyped                ;
; MAXIMIZE_SPEED         ; 5              ; Untyped                ;
; CBXI_PARAMETER         ; lpm_divide_25o ; Untyped                ;
; CARRY_CHAIN            ; MANUAL         ; Untyped                ;
; OPTIMIZE_FOR_SPEED     ; 5              ; Untyped                ;
; AUTO_CARRY_CHAINS      ; ON             ; AUTO_CARRY             ;
; IGNORE_CARRY_BUFFERS   ; OFF            ; IGNORE_CARRY           ;
; AUTO_CASCADE_CHAINS    ; ON             ; AUTO_CASCADE           ;
; IGNORE_CASCADE_BUFFERS ; OFF            ; IGNORE_CASCADE         ;
+------------------------+----------------+------------------------+
Note: In order to hide this table in the UI and the text report file, please set the "Show Parameter Settings in Synthesis Report" option in "Analysis and Synthesis Settings -> More Settings" to "Off".


+-----------------------------------------------------+
; Post-Synthesis Netlist Statistics for Top Partition ;
+-----------------------+-----------------------------+
; Type                  ; Count                       ;
+-----------------------+-----------------------------+
; boundary_port         ; 12                          ;
; cycloneiii_ff         ; 66                          ;
;     CLR               ; 1                           ;
;     ENA CLR SLD       ; 32                          ;
;     plain             ; 33                          ;
; cycloneiii_lcell_comb ; 1716                        ;
;     arith             ; 589                         ;
;         2 data inputs ; 65                          ;
;         3 data inputs ; 524                         ;
;     normal            ; 1127                        ;
;         0 data inputs ; 31                          ;
;         1 data inputs ; 3                           ;
;         2 data inputs ; 518                         ;
;         3 data inputs ; 9                           ;
;         4 data inputs ; 566                         ;
;                       ;                             ;
; Max LUT depth         ; 126.50                      ;
; Average LUT depth     ; 110.87                      ;
+-----------------------+-----------------------------+


+-------------------------------+
; Elapsed Time Per Partition    ;
+----------------+--------------+
; Partition Name ; Elapsed Time ;
+----------------+--------------+
; Top            ; 00:00:01     ;
+----------------+--------------+


+-------------------------------+
; Analysis & Synthesis Messages ;
+-------------------------------+
Info: *******************************************************************
Info: Running Quartus Prime Analysis & Synthesis
    Info: Version 19.1.0 Build 670 09/22/2019 SJ Lite Edition
    Info: Processing started: Wed Feb 26 08:42:02 2025
Info: Command: quartus_map --read_settings_files=on --write_settings_files=off atividade7 -c atividade7
Warning (18236): Number of processors has not been specified which may cause overloading on shared machines.  Set the global assignment NUM_PARALLEL_PROCESSORS in your QSF to an appropriate value for best performance.
Info (20030): Parallel compilation is enabled and will use 10 of the 10 processors detected
Info (12021): Found 2 design units, including 1 entities, in source file atividade7.vhd
    Info (12022): Found design unit 1: atividade7-Behavioral File: C:/Users/luish/Desktop/Apresentar em Lógica amanhã/atividade 7/atividade 7/atividade7.vhd Line: 17
    Info (12023): Found entity 1: atividade7 File: C:/Users/luish/Desktop/Apresentar em Lógica amanhã/atividade 7/atividade 7/atividade7.vhd Line: 6
Info (12127): Elaborating entity "atividade7" for the top level hierarchy
Info (10041): Inferred latch for "divisor_value[0]" at atividade7.vhd(54) File: C:/Users/luish/Desktop/Apresentar em Lógica amanhã/atividade 7/atividade 7/atividade7.vhd Line: 54
Info (10041): Inferred latch for "divisor_value[1]" at atividade7.vhd(54) File: C:/Users/luish/Desktop/Apresentar em Lógica amanhã/atividade 7/atividade 7/atividade7.vhd Line: 54
Info (10041): Inferred latch for "divisor_value[2]" at atividade7.vhd(54) File: C:/Users/luish/Desktop/Apresentar em Lógica amanhã/atividade 7/atividade 7/atividade7.vhd Line: 54
Info (10041): Inferred latch for "divisor_value[3]" at atividade7.vhd(54) File: C:/Users/luish/Desktop/Apresentar em Lógica amanhã/atividade 7/atividade 7/atividade7.vhd Line: 54
Info (10041): Inferred latch for "divisor_value[4]" at atividade7.vhd(54) File: C:/Users/luish/Desktop/Apresentar em Lógica amanhã/atividade 7/atividade 7/atividade7.vhd Line: 54
Info (10041): Inferred latch for "divisor_value[5]" at atividade7.vhd(54) File: C:/Users/luish/Desktop/Apresentar em Lógica amanhã/atividade 7/atividade 7/atividade7.vhd Line: 54
Info (10041): Inferred latch for "divisor_value[6]" at atividade7.vhd(54) File: C:/Users/luish/Desktop/Apresentar em Lógica amanhã/atividade 7/atividade 7/atividade7.vhd Line: 54
Info (10041): Inferred latch for "divisor_value[7]" at atividade7.vhd(54) File: C:/Users/luish/Desktop/Apresentar em Lógica amanhã/atividade 7/atividade 7/atividade7.vhd Line: 54
Info (10041): Inferred latch for "divisor_value[8]" at atividade7.vhd(54) File: C:/Users/luish/Desktop/Apresentar em Lógica amanhã/atividade 7/atividade 7/atividade7.vhd Line: 54
Info (10041): Inferred latch for "divisor_value[9]" at atividade7.vhd(54) File: C:/Users/luish/Desktop/Apresentar em Lógica amanhã/atividade 7/atividade 7/atividade7.vhd Line: 54
Info (10041): Inferred latch for "divisor_value[10]" at atividade7.vhd(54) File: C:/Users/luish/Desktop/Apresentar em Lógica amanhã/atividade 7/atividade 7/atividade7.vhd Line: 54
Info (10041): Inferred latch for "divisor_value[11]" at atividade7.vhd(54) File: C:/Users/luish/Desktop/Apresentar em Lógica amanhã/atividade 7/atividade 7/atividade7.vhd Line: 54
Info (10041): Inferred latch for "divisor_value[12]" at atividade7.vhd(54) File: C:/Users/luish/Desktop/Apresentar em Lógica amanhã/atividade 7/atividade 7/atividade7.vhd Line: 54
Info (10041): Inferred latch for "divisor_value[13]" at atividade7.vhd(54) File: C:/Users/luish/Desktop/Apresentar em Lógica amanhã/atividade 7/atividade 7/atividade7.vhd Line: 54
Info (10041): Inferred latch for "divisor_value[14]" at atividade7.vhd(54) File: C:/Users/luish/Desktop/Apresentar em Lógica amanhã/atividade 7/atividade 7/atividade7.vhd Line: 54
Info (10041): Inferred latch for "divisor_value[15]" at atividade7.vhd(54) File: C:/Users/luish/Desktop/Apresentar em Lógica amanhã/atividade 7/atividade 7/atividade7.vhd Line: 54
Info (10041): Inferred latch for "divisor_value[16]" at atividade7.vhd(54) File: C:/Users/luish/Desktop/Apresentar em Lógica amanhã/atividade 7/atividade 7/atividade7.vhd Line: 54
Info (10041): Inferred latch for "divisor_value[17]" at atividade7.vhd(54) File: C:/Users/luish/Desktop/Apresentar em Lógica amanhã/atividade 7/atividade 7/atividade7.vhd Line: 54
Info (10041): Inferred latch for "divisor_value[18]" at atividade7.vhd(54) File: C:/Users/luish/Desktop/Apresentar em Lógica amanhã/atividade 7/atividade 7/atividade7.vhd Line: 54
Info (10041): Inferred latch for "divisor_value[19]" at atividade7.vhd(54) File: C:/Users/luish/Desktop/Apresentar em Lógica amanhã/atividade 7/atividade 7/atividade7.vhd Line: 54
Info (10041): Inferred latch for "divisor_value[20]" at atividade7.vhd(54) File: C:/Users/luish/Desktop/Apresentar em Lógica amanhã/atividade 7/atividade 7/atividade7.vhd Line: 54
Info (10041): Inferred latch for "divisor_value[21]" at atividade7.vhd(54) File: C:/Users/luish/Desktop/Apresentar em Lógica amanhã/atividade 7/atividade 7/atividade7.vhd Line: 54
Info (10041): Inferred latch for "divisor_value[22]" at atividade7.vhd(54) File: C:/Users/luish/Desktop/Apresentar em Lógica amanhã/atividade 7/atividade 7/atividade7.vhd Line: 54
Info (10041): Inferred latch for "divisor_value[23]" at atividade7.vhd(54) File: C:/Users/luish/Desktop/Apresentar em Lógica amanhã/atividade 7/atividade 7/atividade7.vhd Line: 54
Info (10041): Inferred latch for "divisor_value[24]" at atividade7.vhd(54) File: C:/Users/luish/Desktop/Apresentar em Lógica amanhã/atividade 7/atividade 7/atividade7.vhd Line: 54
Info (10041): Inferred latch for "divisor_value[25]" at atividade7.vhd(54) File: C:/Users/luish/Desktop/Apresentar em Lógica amanhã/atividade 7/atividade 7/atividade7.vhd Line: 54
Info (10041): Inferred latch for "divisor_value[26]" at atividade7.vhd(54) File: C:/Users/luish/Desktop/Apresentar em Lógica amanhã/atividade 7/atividade 7/atividade7.vhd Line: 54
Info (10041): Inferred latch for "divisor_value[27]" at atividade7.vhd(54) File: C:/Users/luish/Desktop/Apresentar em Lógica amanhã/atividade 7/atividade 7/atividade7.vhd Line: 54
Info (10041): Inferred latch for "divisor_value[28]" at atividade7.vhd(54) File: C:/Users/luish/Desktop/Apresentar em Lógica amanhã/atividade 7/atividade 7/atividade7.vhd Line: 54
Info (10041): Inferred latch for "divisor_value[29]" at atividade7.vhd(54) File: C:/Users/luish/Desktop/Apresentar em Lógica amanhã/atividade 7/atividade 7/atividade7.vhd Line: 54
Info (10041): Inferred latch for "divisor_value[30]" at atividade7.vhd(54) File: C:/Users/luish/Desktop/Apresentar em Lógica amanhã/atividade 7/atividade 7/atividade7.vhd Line: 54
Info (10041): Inferred latch for "divisor_value[31]" at atividade7.vhd(54) File: C:/Users/luish/Desktop/Apresentar em Lógica amanhã/atividade 7/atividade 7/atividade7.vhd Line: 54
Info (278001): Inferred 1 megafunctions from design logic
    Info (278004): Inferred divider/modulo megafunction ("lpm_divide") from the following logic: "Mod0" File: C:/Users/luish/Desktop/Apresentar em Lógica amanhã/atividade 7/atividade 7/atividade7.vhd Line: 29
Info (12130): Elaborated megafunction instantiation "lpm_divide:Mod0" File: C:/Users/luish/Desktop/Apresentar em Lógica amanhã/atividade 7/atividade 7/atividade7.vhd Line: 29
Info (12133): Instantiated megafunction "lpm_divide:Mod0" with the following parameter: File: C:/Users/luish/Desktop/Apresentar em Lógica amanhã/atividade 7/atividade 7/atividade7.vhd Line: 29
    Info (12134): Parameter "LPM_WIDTHN" = "32"
    Info (12134): Parameter "LPM_WIDTHD" = "32"
    Info (12134): Parameter "LPM_NREPRESENTATION" = "SIGNED"
    Info (12134): Parameter "LPM_DREPRESENTATION" = "SIGNED"
    Info (12134): Parameter "LPM_HINT" = "LPM_REMAINDERPOSITIVE=FALSE"
Info (12021): Found 1 design units, including 1 entities, in source file db/lpm_divide_25o.tdf
    Info (12023): Found entity 1: lpm_divide_25o File: C:/Users/luish/Desktop/Apresentar em Lógica amanhã/atividade 7/atividade 7/db/lpm_divide_25o.tdf Line: 25
Info (12021): Found 1 design units, including 1 entities, in source file db/abs_divider_4dg.tdf
    Info (12023): Found entity 1: abs_divider_4dg File: C:/Users/luish/Desktop/Apresentar em Lógica amanhã/atividade 7/atividade 7/db/abs_divider_4dg.tdf Line: 27
Info (12021): Found 1 design units, including 1 entities, in source file db/alt_u_div_ske.tdf
    Info (12023): Found entity 1: alt_u_div_ske File: C:/Users/luish/Desktop/Apresentar em Lógica amanhã/atividade 7/atividade 7/db/alt_u_div_ske.tdf Line: 27
Info (12021): Found 1 design units, including 1 entities, in source file db/add_sub_t3c.tdf
    Info (12023): Found entity 1: add_sub_t3c File: C:/Users/luish/Desktop/Apresentar em Lógica amanhã/atividade 7/atividade 7/db/add_sub_t3c.tdf Line: 23
Info (12021): Found 1 design units, including 1 entities, in source file db/add_sub_u3c.tdf
    Info (12023): Found entity 1: add_sub_u3c File: C:/Users/luish/Desktop/Apresentar em Lógica amanhã/atividade 7/atividade 7/db/add_sub_u3c.tdf Line: 23
Info (12021): Found 1 design units, including 1 entities, in source file db/lpm_abs_8b9.tdf
    Info (12023): Found entity 1: lpm_abs_8b9 File: C:/Users/luish/Desktop/Apresentar em Lógica amanhã/atividade 7/atividade 7/db/lpm_abs_8b9.tdf Line: 25
Info (13014): Ignored 31 buffer(s)
    Info (13016): Ignored 31 CARRY_SUM buffer(s)
Info (286030): Timing-Driven Synthesis is running
Info (16010): Generating hard_block partition "hard_block:auto_generated_inst"
    Info (16011): Adding 0 node(s), including 0 DDIO, 0 PLL, 0 transceiver and 0 LCELL
Info (21057): Implemented 1744 device resources after synthesis - the final resource count might be different
    Info (21058): Implemented 4 input pins
    Info (21059): Implemented 8 output pins
    Info (21061): Implemented 1732 logic cells
Info: Quartus Prime Analysis & Synthesis was successful. 0 errors, 1 warning
    Info: Peak virtual memory: 4852 megabytes
    Info: Processing ended: Wed Feb 26 08:42:09 2025
    Info: Elapsed time: 00:00:07
    Info: Total CPU time (on all processors): 00:00:16


